srun: forcing job termination
srun: got SIGCONT
slurmstepd: error: If munged is up, restart with --num-threads=10
slurmstepd: error: Munge encode failed: Failed to access "/var/run/munge/munge.socket.2": No such file or directory
slurmstepd: error: slurm_send_node_msg: auth_g_create: REQUEST_COMPLETE_BATCH_SCRIPT has authentication error
slurmstepd: error: If munged is up, restart with --num-threads=10
slurmstepd: error: Munge encode failed: Failed to access "/var/run/munge/munge.socket.2": No such file or directory
slurmstepd: error: slurm_send_node_msg: auth_g_create: REQUEST_COMPLETE_BATCH_SCRIPT has authentication error
slurmstepd: error: If munged is up, restart with --num-threads=10
slurmstepd: error: Munge encode failed: Failed to access "/var/run/munge/munge.socket.2": No such file or directory
slurmstepd: error: slurm_send_node_msg: auth_g_create: REQUEST_COMPLETE_BATCH_SCRIPT has authentication error
slurmstepd: error: If munged is up, restart with --num-threads=10
slurmstepd: error: Munge encode failed: Failed to access "/var/run/munge/munge.socket.2": No such file or directory
slurmstepd: error: slurm_send_node_msg: auth_g_create: REQUEST_COMPLETE_BATCH_SCRIPT has authentication error
slurmstepd: error: If munged is up, restart with --num-threads=10
slurmstepd: error: Munge encode failed: Failed to access "/var/run/munge/munge.socket.2": No such file or directory
slurmstepd: error: slurm_send_node_msg: auth_g_create: REQUEST_COMPLETE_BATCH_SCRIPT has authentication error
slurmstepd: error: If munged is up, restart with --num-threads=10
slurmstepd: error: Munge encode failed: Failed to access "/var/run/munge/munge.socket.2": No such file or directory
slurmstepd: error: slurm_send_node_msg: auth_g_create: REQUEST_COMPLETE_BATCH_SCRIPT has authentication error
